[01:57:50] [main/INFO]: Loading Minecraft 1.21.6 with Fabric Loader 0.16.14
[01:57:51] [main/INFO]: Loading 4 mods:
	- fabricloader 0.16.14
	   \-- mixinextras 0.4.1
	- java 21
	- minecraft 1.21.6
[01:57:51] [main/INFO]: SpongePowered MIXIN Subsystem Version=0.8.7 Source=file:/workspaces/MC-Hardcore/servidor_minecraft/libraries/net/fabricmc/sponge-mixin/0.15.5+mixin.0.8.7/sponge-mixin-0.15.5+mixin.0.8.7.jar Service=Knot/Fabric Env=SERVER
[01:57:57] [main/INFO]: Environment: Environment[sessionHost=https://sessionserver.mojang.com, servicesHost=https://api.minecraftservices.com, name=PROD]
[01:57:59] [main/INFO]: Loaded 1407 recipes
[01:57:59] [main/INFO]: Loaded 1520 advancements
[01:57:59] [Server thread/INFO]: Starting minecraft server version 1.21.6
[01:57:59] [Server thread/INFO]: Loading properties
[01:57:59] [Server thread/INFO]: Default game type: SURVIVAL
[01:57:59] [Server thread/INFO]: Generating keypair
[01:58:00] [Server thread/INFO]: Starting Minecraft server on *:25565
[01:58:00] [Server thread/INFO]: Using epoll channel type
[01:58:00] [Server thread/WARN]: **** SERVER IS RUNNING IN OFFLINE/INSECURE MODE!
[01:58:00] [Server thread/WARN]: The server will make no attempt to authenticate usernames. Beware.
[01:58:00] [Server thread/WARN]: While this makes the game possible to play without internet access, it also opens up the ability for hackers to connect with any username they choose.
[01:58:00] [Server thread/WARN]: To change this, set "online-mode" to "true" in the server.properties file.
[01:58:00] [Server thread/INFO]: Preparing level "world"
[01:58:00] [Server thread/INFO]: Preparing start region for dimension minecraft:overworld
[01:58:04] [Worker-Main-3/INFO]: Preparing spawn area: 0%
[01:58:04] [Worker-Main-3/INFO]: Preparing spawn area: 0%
[01:58:04] [Worker-Main-3/INFO]: Preparing spawn area: 0%
[01:58:04] [Worker-Main-3/INFO]: Preparing spawn area: 0%
[01:58:04] [Worker-Main-3/INFO]: Preparing spawn area: 0%
[01:58:04] [Worker-Main-3/INFO]: Preparing spawn area: 0%
[01:58:04] [Worker-Main-3/INFO]: Preparing spawn area: 0%
[01:58:04] [Worker-Main-3/INFO]: Preparing spawn area: 0%
[01:58:04] [Worker-Main-3/INFO]: Preparing spawn area: 51%
[01:58:05] [Worker-Main-3/INFO]: Preparing spawn area: 51%
[01:58:05] [Worker-Main-3/INFO]: Preparing spawn area: 51%
[01:58:06] [Worker-Main-1/INFO]: Preparing spawn area: 51%
[01:58:06] [Worker-Main-1/INFO]: Preparing spawn area: 51%
[01:58:06] [Worker-Main-3/INFO]: Preparing spawn area: 51%
[01:58:07] [Worker-Main-1/INFO]: Preparing spawn area: 51%
[01:58:07] [Worker-Main-3/INFO]: Preparing spawn area: 51%
[01:58:08] [Worker-Main-3/INFO]: Preparing spawn area: 51%
[01:58:08] [Server thread/INFO]: Time elapsed: 8429 ms
[01:58:08] [Server thread/INFO]: Done (8.735s)! For help, type "help"
[01:58:20] [Server thread/INFO]: Il_Duko_lI[/127.111.238.159:60067] logged in with entity id 1 at (-4.5, 77.0, 4.5)
[01:58:20] [Server thread/INFO]: Il_Duko_lI joined the game
[01:58:51] [Server thread/INFO]: Chimu723[/127.5.100.229:45325] logged in with entity id 515 at (5.5, 72.0, 4.5)
[01:58:51] [Server thread/INFO]: Chimu723 joined the game
[02:02:38] [Server thread/INFO]: Chimu723 has made the advancement [Stone Age]
[02:02:46] [Server thread/INFO]: Il_Duko_lI has made the advancement [Stone Age]
[02:03:28] [Server thread/INFO]: Il_Duko_lI has made the advancement [Getting an Upgrade]
[02:04:05] [Server thread/INFO]: Chimu723 has made the advancement [Getting an Upgrade]
[02:09:15] [Server thread/INFO]: Il_Duko_lI has made the advancement [Monster Hunter]
[02:12:32] [Server thread/INFO]: Il_Duko_lI has made the advancement [Sweet Dreams]
[02:12:36] [Server thread/INFO]: Chimu723 has made the advancement [Sweet Dreams]
[02:19:09] [Server thread/INFO]: Chimu723 has made the advancement [Acquire Hardware]
[02:19:20] [Server thread/INFO]: Chimu723 has made the advancement [Isn't It Iron Pick]
[02:19:29] [Server thread/INFO]: Chimu723 has made the advancement [Suit Up]
[02:24:20] [Server thread/INFO]: Il_Duko_lI has made the advancement [Acquire Hardware]
[02:25:02] [Server thread/INFO]: Il_Duko_lI has made the advancement [Isn't It Iron Pick]
[02:25:57] [Server thread/INFO]: Il_Duko_lI has made the advancement [Suit Up]
[02:27:10] [Server thread/INFO]: Il_Duko_lI has made the advancement [Hot Stuff]
[02:29:30] [Server thread/INFO]: Chimu723 has made the advancement [Not Today, Thank You]
[02:29:31] [Server thread/INFO]: Chimu723 has made the advancement [Monster Hunter]
[02:30:27] [Server thread/INFO]: Il_Duko_lI has made the advancement [Sneak 100]
[02:30:56] [Server thread/INFO]: Chimu723 has made the advancement [Sneak 100]
[02:31:47] [Server thread/INFO]: Il_Duko_lI has made the advancement [Diamonds!]
[02:35:22] [Server thread/WARN]: Can't keep up! Is the server overloaded? Running 2151ms or 43 ticks behind
[02:37:08] [Server thread/INFO]: Chimu723 has made the advancement [Diamonds!]
[02:45:40] [Server thread/INFO]: The time is 58179
[02:50:53] [Server thread/INFO]: Chimu723 has made the advancement [What a Deal!]
[02:54:47] [Server thread/INFO]: Il_Duko_lI lost connection: Disconnected
[02:54:47] [Server thread/INFO]: Il_Duko_lI left the game
[02:54:53] [Server thread/INFO]: Chimu723 lost connection: Disconnected
[02:54:53] [Server thread/INFO]: Chimu723 left the game
[02:55:53] [Server thread/INFO]: Server empty for 60 seconds, pausing
